./ej1.cu(154): error: const variable "block_size" requires an initializer

./ej1.cu(155): error: const variable "variant" requires an initializer

./ej1.cu(162): error: expression must be a modifiable lvalue

./ej1.cu(163): error: expression must be a modifiable lvalue

4 errors detected in the compilation of "/tmp/tmpxft_00005104_00000000-8_ej1.cpp1.ii".
10: 11847
32: 139039
33: 57
34: 2
39: 2
40: 4
41: 4
44: 8843
45: 1334
46: 5408
48: 33
49: 115
50: 40
51: 39
52: 38
53: 42
54: 37
55: 28
56: 28
57: 26
58: 165
59: 23
60: 2
63: 29
65: 2269
66: 524
67: 657
68: 365
69: 1049
70: 364
71: 485
72: 167
73: 87
74: 460
75: 1
76: 655
77: 917
78: 386
79: 45
80: 739
81: 67
82: 341
83: 916
84: 283
85: 157
86: 130
87: 1
88: 15
89: 67
90: 3
97: 84956
98: 10991
99: 26215
100: 34191
101: 79974
102: 3704
103: 6178
104: 5525
105: 36501
106: 2564
107: 21
108: 38673
109: 16219
110: 45463
111: 55976
112: 15773
113: 6860
114: 44955
115: 45311
116: 24757
117: 28041
118: 6735
119: 25
120: 647
121: 5015
122: 2700
126: 3
129: 6
137: 21
141: 1
145: 1
154: 513
161: 2045
169: 2042
171: 282
173: 5167
177: 1331
179: 6206
186: 782
187: 282
188: 26
191: 29
194: 637
195: 18097
==20766== NVPROF is profiling process 20766, command: ./ej1_sol secreto.txt 128 1
==20766== Profiling application: ./ej1_sol secreto.txt 128 1
10: 11847
32: 139039
33: 57
34: 2
39: 2
40: 4
41: 4
44: 8843
45: 1334
46: 5408
48: 33
49: 115
50: 40
51: 39
52: 38
53: 42
54: 37
55: 28
56: 28
57: 26
58: 165
59: 23
60: 2
63: 29
65: 2269
66: 524
67: 657
68: 365
69: 1049
70: 364
71: 485
72: 167
73: 87
74: 460
75: 1
76: 655
77: 917
78: 386
79: 45
80: 739
81: 67
82: 341
83: 916
84: 283
85: 157
86: 130
87: 1
88: 15
89: 67
90: 3
97: 84956
98: 10991
99: 26215
100: 34191
101: 79974
102: 3704
103: 6178
104: 5525
105: 36501
106: 2564
107: 21
108: 38673
109: 16219
110: 45463
111: 55976
112: 15773
113: 6860
114: 44955
115: 45311
116: 24757
117: 28041
118: 6735
119: 25
120: 647
121: 5015
122: 2700
126: 3
129: 6
137: 21
141: 1
145: 1
154: 513
161: 2045
169: 2042
171: 282
173: 5167
177: 1331
179: 6206
186: 782
187: 282
188: 26
191: 29
194: 637
195: 18097
==20766== Profiling result:
            Type  Time(%)      Time     Calls       Avg       Min       Max  Name
 GPU activities:   36.96%  778.55us         2  389.28us  1.5040us  777.05us  [CUDA memcpy DtoH]
                   36.45%  767.80us         1  767.80us  767.80us  767.80us  [CUDA memcpy HtoD]
                   23.84%  502.14us         1  502.14us  502.14us  502.14us  shared_count_occurences(int*, int*, int)
                    2.67%  56.288us         1  56.288us  56.288us  56.288us  decrypt_kernel(int*, int)
                    0.07%  1.5360us         1  1.5360us  1.5360us  1.5360us  [CUDA memset]
      API calls:   99.54%  1.04205s         2  521.03ms  735.87us  1.04132s  cudaMalloc
                    0.27%  2.8482ms         3  949.41us  32.476us  1.6645ms  cudaMemcpy
                    0.11%  1.1102ms         2  555.08us  296.72us  813.45us  cudaFree
                    0.03%  355.12us         1  355.12us  355.12us  355.12us  cuDeviceTotalMem
                    0.02%  202.15us       101  2.0010us     150ns  92.873us  cuDeviceGetAttribute
                    0.01%  120.42us         2  60.211us  21.067us  99.356us  cudaLaunchKernel
                    0.01%  94.362us         1  94.362us  94.362us  94.362us  cuDeviceGetName
                    0.00%  43.116us         1  43.116us  43.116us  43.116us  cudaMemset
                    0.00%  12.263us         1  12.263us  12.263us  12.263us  cuDeviceGetPCIBusId
                    0.00%  6.8230us         3  2.2740us     179ns  6.3750us  cuDeviceGetCount
                    0.00%  4.2840us         1  4.2840us  4.2840us  4.2840us  cudaGetLastError
                    0.00%  1.3380us         2     669ns     181ns  1.1570us  cuDeviceGet
                    0.00%     288ns         1     288ns     288ns     288ns  cuDeviceGetUuid
Fin del programa 1
==20826== NVPROF is profiling process 20826, command: ./ej1_sol secreto.txt 256 1
==20826== Profiling application: ./ej1_sol secreto.txt 256 1
==20826== Profiling result:
            Type  Time(%)      Time     Calls       Avg       Min       Max  Name
 GPU activities:   35.82%  617.66us         1  617.66us  617.66us  617.66us  [CUDA memcpy HtoD]
                   31.36%  540.83us         2  270.41us  1.4720us  539.35us  [CUDA memcpy DtoH]
                   29.51%  508.92us         1  508.92us  508.92us  508.92us  shared_count_occurences(int*, int*, int)
                    3.23%  55.679us         1  55.679us  55.679us  55.679us  decrypt_kernel(int*, int)
                    0.08%  1.3440us         1  1.3440us  1.3440us  1.3440us  [CUDA memset]
      API calls:   99.61%  1.45192s         2  725.96ms  342.67us  1.45158s  cudaMalloc
                    0.17%  2.4545ms         2  1.2272ms  222.96us  2.2315ms  cudaFree
                    0.15%  2.1939ms         3  731.31us  19.239us  1.2970ms  cudaMemcpy
                    0.03%  387.69us         1  387.69us  387.69us  387.69us  cuDeviceTotalMem
                    0.02%  298.42us         1  298.42us  298.42us  298.42us  cuDeviceGetName
                    0.02%  238.13us       101  2.3570us     149ns  105.79us  cuDeviceGetAttribute
                    0.00%  56.768us         2  28.384us  10.090us  46.678us  cudaLaunchKernel
                    0.00%  23.276us         1  23.276us  23.276us  23.276us  cuDeviceGetPCIBusId
                    0.00%  20.213us         1  20.213us  20.213us  20.213us  cudaMemset
                    0.00%  2.1160us         3     705ns     195ns  1.6710us  cuDeviceGetCount
                    0.00%  2.0340us         1  2.0340us  2.0340us  2.0340us  cudaGetLastError
                    0.00%     686ns         2     343ns     182ns     504ns  cuDeviceGet
                    0.00%     271ns         1     271ns     271ns     271ns  cuDeviceGetUuid
10: 11847
32: 139039
33: 57
34: 2
39: 2
40: 4
41: 4
44: 8843
45: 1334
46: 5408
48: 33
49: 115
50: 40
51: 39
52: 38
53: 42
54: 37
55: 28
56: 28
57: 26
58: 165
59: 23
60: 2
63: 29
65: 2269
66: 524
67: 657
68: 365
69: 1049
70: 364
71: 485
72: 167
73: 87
74: 460
75: 1
76: 655
77: 917
78: 386
79: 45
80: 739
81: 67
82: 341
83: 916
84: 283
85: 157
86: 130
87: 1
88: 15
89: 67
90: 3
97: 84956
98: 10991
99: 26215
100: 34191
101: 79974
102: 3704
103: 6178
104: 5525
105: 36501
106: 2564
107: 21
108: 38673
109: 16219
110: 45463
111: 55976
112: 15773
113: 6860
114: 44955
115: 45311
116: 24757
117: 28041
118: 6735
119: 25
120: 647
121: 5015
122: 2700
126: 3
129: 6
137: 21
141: 1
145: 1
154: 513
161: 2045
169: 2042
171: 282
173: 5167
177: 1331
179: 6206
186: 782
187: 282
188: 26
191: 29
194: 637
195: 18097
Fin del programa 2
==20858== NVPROF is profiling process 20858, command: ./ej1_sol secreto.txt 512 1
==20858== Profiling application: ./ej1_sol secreto.txt 512 1
==20858== Profiling result:
            Type  Time(%)      Time     Calls       Avg       Min       Max  Name
 GPU activities:   39.32%  860.44us         2  430.22us  2.2720us  858.17us  [CUDA memcpy DtoH]
                   34.70%  759.35us         1  759.35us  759.35us  759.35us  [CUDA memcpy HtoD]
                   23.29%  509.69us         1  509.69us  509.69us  509.69us  shared_count_occurences(int*, int*, int)
                    2.60%  56.927us         1  56.927us  56.927us  56.927us  decrypt_kernel(int*, int)
                    0.08%  1.7600us         1  1.7600us  1.7600us  1.7600us  [CUDA memset]
      API calls:   97.20%  338.29ms         2  169.14ms  328.75us  337.96ms  cudaMalloc
                    1.68%  5.8518ms         2  2.9259ms  230.04us  5.6218ms  cudaFree
                    0.87%  3.0124ms         3  1.0041ms  47.828us  1.9453ms  cudaMemcpy
                    0.11%  380.34us         1  380.34us  380.34us  380.34us  cuDeviceTotalMem
                    0.08%  267.08us       101  2.6440us     167ns  125.13us  cuDeviceGetAttribute
                    0.04%  129.45us         2  64.726us  15.417us  114.04us  cudaLaunchKernel
                    0.01%  44.595us         1  44.595us  44.595us  44.595us  cuDeviceGetName
                    0.01%  39.875us         1  39.875us  39.875us  39.875us  cudaMemset
                    0.00%  13.584us         1  13.584us  13.584us  13.584us  cuDeviceGetPCIBusId
                    0.00%  3.3910us         1  3.3910us  3.3910us  3.3910us  cudaGetLastError
                    0.00%  2.0140us         3     671ns     167ns  1.5640us  cuDeviceGetCount
                    0.00%     804ns         2     402ns     212ns     592ns  cuDeviceGet
                    0.00%     272ns         1     272ns     272ns     272ns  cuDeviceGetUuid
10: 11847
32: 139039
33: 57
34: 2
39: 2
40: 4
41: 4
44: 8843
45: 1334
46: 5408
48: 33
49: 115
50: 40
51: 39
52: 38
53: 42
54: 37
55: 28
56: 28
57: 26
58: 165
59: 23
60: 2
63: 29
65: 2269
66: 524
67: 657
68: 365
69: 1049
70: 364
71: 485
72: 167
73: 87
74: 460
75: 1
76: 655
77: 917
78: 386
79: 45
80: 739
81: 67
82: 341
83: 916
84: 283
85: 157
86: 130
87: 1
88: 15
89: 67
90: 3
97: 84956
98: 10991
99: 26215
100: 34191
101: 79974
102: 3704
103: 6178
104: 5525
105: 36501
106: 2564
107: 21
108: 38673
109: 16219
110: 45463
111: 55976
112: 15773
113: 6860
114: 44955
115: 45311
116: 24757
117: 28041
118: 6735
119: 25
120: 647
121: 5015
122: 2700
126: 3
129: 6
137: 21
141: 1
145: 1
154: 513
161: 2045
169: 2042
171: 282
173: 5167
177: 1331
179: 6206
186: 782
187: 282
188: 26
191: 29
194: 637
195: 18097
Fin del programa 3
==20886== NVPROF is profiling process 20886, command: ./ej1_sol secreto.txt 1024 1
==20886== Profiling application: ./ej1_sol secreto.txt 1024 1
==20886== Profiling result:
            Type  Time(%)      Time     Calls       Avg       Min       Max  Name
 GPU activities:   36.16%  584.76us         1  584.76us  584.76us  584.76us  [CUDA memcpy HtoD]
                   31.31%  506.30us         1  506.30us  506.30us  506.30us  shared_count_occurences(int*, int*, int)
                   29.01%  469.15us         2  234.57us  1.4720us  467.67us  [CUDA memcpy DtoH]
                    3.43%  55.423us         1  55.423us  55.423us  55.423us  decrypt_kernel(int*, int)
                    0.08%  1.3120us         1  1.3120us  1.3120us  1.3120us  [CUDA memset]
      API calls:   95.14%  362.50ms         2  181.25ms  168.79us  362.33ms  cudaMalloc
                    4.02%  15.321ms         1  15.321ms  15.321ms  15.321ms  cuDeviceGetName
                    0.54%  2.0470ms         3  682.34us  18.074us  1.2261ms  cudaMemcpy
                    0.10%  380.45us         2  190.22us  156.98us  223.47us  cudaFree
                    0.09%  343.74us         1  343.74us  343.74us  343.74us  cuDeviceTotalMem
                    0.09%  337.75us       101  3.3440us     151ns  181.08us  cuDeviceGetAttribute
                    0.01%  52.292us         2  26.146us  9.4390us  42.853us  cudaLaunchKernel
                    0.01%  19.077us         1  19.077us  19.077us  19.077us  cudaMemset
                    0.00%  9.1500us         1  9.1500us  9.1500us  9.1500us  cuDeviceGetPCIBusId
                    0.00%  2.3050us         3     768ns     158ns  1.9110us  cuDeviceGetCount
                    0.00%  1.8260us         1  1.8260us  1.8260us  1.8260us  cudaGetLastError
                    0.00%     688ns         2     344ns     167ns     521ns  cuDeviceGet
                    0.00%     342ns         1     342ns     342ns     342ns  cuDeviceGetUuid
10: 11847
32: 139039
33: 57
34: 2
39: 2
40: 4
41: 4
44: 8843
45: 1334
46: 5408
48: 33
49: 115
50: 40
51: 39
52: 38
53: 42
54: 37
55: 28
56: 28
57: 26
58: 165
59: 23
60: 2
63: 29
65: 2269
66: 524
67: 657
68: 365
69: 1049
70: 364
71: 485
72: 167
73: 87
74: 460
75: 1
76: 655
77: 917
78: 386
79: 45
80: 739
81: 67
82: 341
83: 916
84: 283
85: 157
86: 130
87: 1
88: 15
89: 67
90: 3
97: 84956
98: 10991
99: 26215
100: 34191
101: 79974
102: 3704
103: 6178
104: 5525
105: 36501
106: 2564
107: 21
108: 38673
109: 16219
110: 45463
111: 55976
112: 15773
113: 6860
114: 44955
115: 45311
116: 24757
117: 28041
118: 6735
119: 25
120: 647
121: 5015
122: 2700
126: 3
129: 6
137: 21
141: 1
145: 1
154: 513
161: 2045
169: 2042
171: 282
173: 5167
177: 1331
179: 6206
186: 782
187: 282
188: 26
191: 29
194: 637
195: 18097
Fin del programa 3
Fin de set 1
==20909== NVPROF is profiling process 20909, command: ./ej1_sol secreto.txt 128 0
==20909== Profiling application: ./ej1_sol secreto.txt 128 0
==20909== Profiling result:
            Type  Time(%)      Time     Calls       Avg       Min       Max  Name
 GPU activities:   35.52%  584.28us         1  584.28us  584.28us  584.28us  [CUDA memcpy HtoD]
                   30.91%  508.41us         1  508.41us  508.41us  508.41us  shared_count_occurences(int*, int*, int)
                   30.10%  495.13us         2  247.56us  1.5040us  493.63us  [CUDA memcpy DtoH]
                    3.39%  55.711us         1  55.711us  55.711us  55.711us  decrypt_kernel(int*, int)
                    0.08%  1.3120us         1  1.3120us  1.3120us  1.3120us  [CUDA memset]
      API calls:   99.11%  366.10ms         2  183.05ms  182.54us  365.92ms  cudaMalloc
                    0.56%  2.0747ms         3  691.56us  17.853us  1.2496ms  cudaMemcpy
                    0.10%  380.82us         2  190.41us  158.54us  222.29us  cudaFree
                    0.10%  352.42us         1  352.42us  352.42us  352.42us  cuDeviceTotalMem
                    0.07%  260.74us       101  2.5810us     153ns  115.71us  cuDeviceGetAttribute
                    0.03%  104.31us         1  104.31us  104.31us  104.31us  cuDeviceGetName
                    0.01%  52.116us         2  26.058us  9.3130us  42.803us  cudaLaunchKernel
                    0.01%  41.742us         1  41.742us  41.742us  41.742us  cuDeviceGetPCIBusId
                    0.01%  19.876us         1  19.876us  19.876us  19.876us  cudaMemset
                    0.00%  3.0350us         3  1.0110us     149ns  2.5550us  cuDeviceGetCount
                    0.00%  2.0080us         1  2.0080us  2.0080us  2.0080us  cudaGetLastError
                    0.00%     927ns         2     463ns     188ns     739ns  cuDeviceGet
                    0.00%     281ns         1     281ns     281ns     281ns  cuDeviceGetUuid
10: 11847
32: 139039
33: 57
34: 2
39: 2
40: 4
41: 4
44: 8843
45: 1334
46: 5408
48: 33
49: 115
50: 40
51: 39
52: 38
53: 42
54: 37
55: 28
56: 28
57: 26
58: 165
59: 23
60: 2
63: 29
65: 2269
66: 524
67: 657
68: 365
69: 1049
70: 364
71: 485
72: 167
73: 87
74: 460
75: 1
76: 655
77: 917
78: 386
79: 45
80: 739
81: 67
82: 341
83: 916
84: 283
85: 157
86: 130
87: 1
88: 15
89: 67
90: 3
97: 84956
98: 10991
99: 26215
100: 34191
101: 79974
102: 3704
103: 6178
104: 5525
105: 36501
106: 2564
107: 21
108: 38673
109: 16219
110: 45463
111: 55976
112: 15773
113: 6860
114: 44955
115: 45311
116: 24757
117: 28041
118: 6735
119: 25
120: 647
121: 5015
122: 2700
126: 3
129: 6
137: 21
141: 1
145: 1
154: 513
161: 2045
169: 2042
171: 282
173: 5167
177: 1331
179: 6206
186: 782
187: 282
188: 26
191: 29
194: 637
195: 18097
Fin del programa 1
==20926== NVPROF is profiling process 20926, command: ./ej1_sol secreto.txt 256 0
==20926== Profiling application: ./ej1_sol secreto.txt 256 0
==20926== Profiling result:
            Type  Time(%)      Time     Calls       Avg       Min       Max  Name
 GPU activities:   37.84%  707.51us         1  707.51us  707.51us  707.51us  [CUDA memcpy HtoD]
                   32.01%  598.46us         2  299.23us  1.5040us  596.95us  [CUDA memcpy DtoH]
                   27.10%  506.75us         1  506.75us  506.75us  506.75us  shared_count_occurences(int*, int*, int)
                    2.97%  55.615us         1  55.615us  55.615us  55.615us  decrypt_kernel(int*, int)
                    0.08%  1.5360us         1  1.5360us  1.5360us  1.5360us  [CUDA memset]
      API calls:   99.24%  1.37083s         2  685.41ms  222.66us  1.37060s  cudaMalloc
                    0.33%  4.5546ms         1  4.5546ms  4.5546ms  4.5546ms  cuDeviceTotalMem
                    0.20%  2.7144ms       101  26.875us     152ns  1.3018ms  cuDeviceGetAttribute
                    0.18%  2.4638ms         3  821.27us  21.223us  1.4016ms  cudaMemcpy
                    0.03%  420.64us         2  210.32us  195.93us  224.71us  cudaFree
                    0.02%  256.20us         1  256.20us  256.20us  256.20us  cuDeviceGetName
                    0.00%  61.878us         2  30.939us  9.8930us  51.985us  cudaLaunchKernel
                    0.00%  21.080us         1  21.080us  21.080us  21.080us  cudaMemset
                    0.00%  9.9700us         1  9.9700us  9.9700us  9.9700us  cuDeviceGetPCIBusId
                    0.00%  5.6240us         3  1.8740us     163ns  5.1880us  cuDeviceGetCount
                    0.00%  2.5080us         1  2.5080us  2.5080us  2.5080us  cudaGetLastError
                    0.00%  1.2870us         2     643ns     219ns  1.0680us  cuDeviceGet
                    0.00%     233ns         1     233ns     233ns     233ns  cuDeviceGetUuid
10: 11847
32: 139039
33: 57
34: 2
39: 2
40: 4
41: 4
44: 8843
45: 1334
46: 5408
48: 33
49: 115
50: 40
51: 39
52: 38
53: 42
54: 37
55: 28
56: 28
57: 26
58: 165
59: 23
60: 2
63: 29
65: 2269
66: 524
67: 657
68: 365
69: 1049
70: 364
71: 485
72: 167
73: 87
74: 460
75: 1
76: 655
77: 917
78: 386
79: 45
80: 739
81: 67
82: 341
83: 916
84: 283
85: 157
86: 130
87: 1
88: 15
89: 67
90: 3
97: 84956
98: 10991
99: 26215
100: 34191
101: 79974
102: 3704
103: 6178
104: 5525
105: 36501
106: 2564
107: 21
108: 38673
109: 16219
110: 45463
111: 55976
112: 15773
113: 6860
114: 44955
115: 45311
116: 24757
117: 28041
118: 6735
119: 25
120: 647
121: 5015
122: 2700
126: 3
129: 6
137: 21
141: 1
145: 1
154: 513
161: 2045
169: 2042
171: 282
173: 5167
177: 1331
179: 6206
186: 782
187: 282
188: 26
191: 29
194: 637
195: 18097
Fin del programa 2
==20957== NVPROF is profiling process 20957, command: ./ej1_sol secreto.txt 512 0
==20957== Profiling application: ./ej1_sol secreto.txt 512 0
==20957== Profiling result:
            Type  Time(%)      Time     Calls       Avg       Min       Max  Name
 GPU activities:   36.09%  611.00us         1  611.00us  611.00us  611.00us  [CUDA memcpy HtoD]
                   30.50%  516.38us         2  258.19us  1.4720us  514.91us  [CUDA memcpy DtoH]
                   30.02%  508.28us         1  508.28us  508.28us  508.28us  shared_count_occurences(int*, int*, int)
                    3.30%  55.936us         1  55.936us  55.936us  55.936us  decrypt_kernel(int*, int)
                    0.08%  1.3120us         1  1.3120us  1.3120us  1.3120us  [CUDA memset]
      API calls:   99.10%  364.78ms         2  182.39ms  198.21us  364.58ms  cudaMalloc
                    0.58%  2.1391ms         3  713.02us  19.200us  1.2758ms  cudaMemcpy
                    0.11%  395.57us         2  197.78us  173.85us  221.72us  cudaFree
                    0.09%  343.30us         1  343.30us  343.30us  343.30us  cuDeviceTotalMem
                    0.08%  276.89us       101  2.7410us     152ns  120.59us  cuDeviceGetAttribute
                    0.02%  77.000us         1  77.000us  77.000us  77.000us  cuDeviceGetName
                    0.02%  55.669us         2  27.834us  10.909us  44.760us  cudaLaunchKernel
                    0.01%  21.047us         1  21.047us  21.047us  21.047us  cudaMemset
                    0.00%  9.0100us         1  9.0100us  9.0100us  9.0100us  cuDeviceGetPCIBusId
                    0.00%  2.7900us         2  1.3950us     252ns  2.5380us  cuDeviceGet
                    0.00%  2.6250us         3     875ns     146ns  2.1460us  cuDeviceGetCount
                    0.00%  2.3130us         1  2.3130us  2.3130us  2.3130us  cudaGetLastError
                    0.00%     263ns         1     263ns     263ns     263ns  cuDeviceGetUuid
10: 11847
32: 139039
33: 57
34: 2
39: 2
40: 4
41: 4
44: 8843
45: 1334
46: 5408
48: 33
49: 115
50: 40
51: 39
52: 38
53: 42
54: 37
55: 28
56: 28
57: 26
58: 165
59: 23
60: 2
63: 29
65: 2269
66: 524
67: 657
68: 365
69: 1049
70: 364
71: 485
72: 167
73: 87
74: 460
75: 1
76: 655
77: 917
78: 386
79: 45
80: 739
81: 67
82: 341
83: 916
84: 283
85: 157
86: 130
87: 1
88: 15
89: 67
90: 3
97: 84956
98: 10991
99: 26215
100: 34191
101: 79974
102: 3704
103: 6178
104: 5525
105: 36501
106: 2564
107: 21
108: 38673
109: 16219
110: 45463
111: 55976
112: 15773
113: 6860
114: 44955
115: 45311
116: 24757
117: 28041
118: 6735
119: 25
120: 647
121: 5015
122: 2700
126: 3
129: 6
137: 21
141: 1
145: 1
154: 513
161: 2045
169: 2042
171: 282
173: 5167
177: 1331
179: 6206
186: 782
187: 282
188: 26
191: 29
194: 637
195: 18097
Fin del programa 3
==20973== NVPROF is profiling process 20973, command: ./ej1_sol secreto.txt 1024 0
==20973== Profiling application: ./ej1_sol secreto.txt 1024 0
==20973== Profiling result:
            Type  Time(%)      Time     Calls       Avg       Min       Max  Name
 GPU activities:   43.33%  1.1708ms         2  585.40us  1.7600us  1.1690ms  [CUDA memcpy DtoH]
                   35.75%  965.94us         1  965.94us  965.94us  965.94us  [CUDA memcpy HtoD]
                   18.77%  507.23us         1  507.23us  507.23us  507.23us  shared_count_occurences(int*, int*, int)
                    2.10%  56.767us         1  56.767us  56.767us  56.767us  decrypt_kernel(int*, int)
                    0.05%  1.3440us         1  1.3440us  1.3440us  1.3440us  [CUDA memset]
      API calls:   98.74%  399.00ms         2  199.50ms  351.94us  398.65ms  cudaMalloc
                    0.94%  3.7783ms         3  1.2594ms  27.455us  2.0950ms  cudaMemcpy
                    0.12%  466.48us         2  233.24us  221.59us  244.89us  cudaFree
                    0.08%  331.00us         1  331.00us  331.00us  331.00us  cuDeviceTotalMem
                    0.06%  262.01us       101  2.5940us     154ns  117.05us  cuDeviceGetAttribute
                    0.03%  129.88us         2  64.941us  19.865us  110.02us  cudaLaunchKernel
                    0.01%  50.784us         1  50.784us  50.784us  50.784us  cuDeviceGetName
                    0.01%  42.981us         1  42.981us  42.981us  42.981us  cudaMemset
                    0.00%  8.4890us         1  8.4890us  8.4890us  8.4890us  cuDeviceGetPCIBusId
                    0.00%  3.5610us         1  3.5610us  3.5610us  3.5610us  cudaGetLastError
                    0.00%  2.1900us         3     730ns     164ns  1.7620us  cuDeviceGetCount
                    0.00%     869ns         2     434ns     199ns     670ns  cuDeviceGet
                    0.00%     301ns         1     301ns     301ns     301ns  cuDeviceGetUuid
10: 11847
32: 139039
33: 57
34: 2
39: 2
40: 4
41: 4
44: 8843
45: 1334
46: 5408
48: 33
49: 115
50: 40
51: 39
52: 38
53: 42
54: 37
55: 28
56: 28
57: 26
58: 165
59: 23
60: 2
63: 29
65: 2269
66: 524
67: 657
68: 365
69: 1049
70: 364
71: 485
72: 167
73: 87
74: 460
75: 1
76: 655
77: 917
78: 386
79: 45
80: 739
81: 67
82: 341
83: 916
84: 283
85: 157
86: 130
87: 1
88: 15
89: 67
90: 3
97: 84956
98: 10991
99: 26215
100: 34191
101: 79974
102: 3704
103: 6178
104: 5525
105: 36501
106: 2564
107: 21
108: 38673
109: 16219
110: 45463
111: 55976
112: 15773
113: 6860
114: 44955
115: 45311
116: 24757
117: 28041
118: 6735
119: 25
120: 647
121: 5015
122: 2700
126: 3
129: 6
137: 21
141: 1
145: 1
154: 513
161: 2045
169: 2042
171: 282
173: 5167
177: 1331
179: 6206
186: 782
187: 282
188: 26
191: 29
194: 637
195: 18097
Fin del programa 3
